<?xml version="1.0" encoding="UTF-8"?>
<testsuite name="VenueTest" tests="1" skipped="0" failures="0" errors="0" timestamp="2018-06-30T21:03:15" hostname="ShengTas-MBP.fios-router.home" time="0.003">
  <properties/>
  <testcase name="testSomeLibraryMethod" classname="VenueTest" time="0.003"/>
  <system-out><![CDATA[
]]></system-out>
  <system-err><![CDATA[]]></system-err>
</testsuite>
