<?xml version="1.0" encoding="UTF-8"?>
<testsuite name="ServerTest" tests="1" skipped="0" failures="0" errors="0" timestamp="2018-06-30T17:02:41" hostname="ShengTas-MBP.fios-router.home" time="0.004">
  <properties/>
  <testcase name="testSomeLibraryMethod" classname="ServerTest" time="0.004"/>
  <system-out><![CDATA[numRows: 10
numCols: 5
]]></system-out>
  <system-err><![CDATA[]]></system-err>
</testsuite>
